2020/07/20 05:17:10 [error] [php] Undefined variable: file (C:\wamp64\www\testtasks\rumex\logmanager\protected\commands\ParselogCommand.php:12)
Stack trace:
#0 C:\wamp64\www\testtasks\rumex\framework\console\CConsoleCommandRunner.php(71): ParselogCommand->run()
#1 C:\wamp64\www\testtasks\rumex\framework\console\CConsoleApplication.php(92): CConsoleCommandRunner->run()
#2 C:\wamp64\www\testtasks\rumex\framework\base\CApplication.php(185): CConsoleApplication->processRequest()
#3 C:\wamp64\www\testtasks\rumex\framework\yiic.php(33): CConsoleApplication->run()
#4 C:\wamp64\www\testtasks\rumex\logmanager\protected\yiic.php(7): require_once()

2020/07/20 05:35:26 [error] [php] Undefined index: REMOTE_ADDR (C:\wamp64\www\testtasks\rumex\logmanager\protected\commands\ParselogCommand.php:16)
Stack trace:
#0 C:\wamp64\www\testtasks\rumex\framework\console\CConsoleCommandRunner.php(71): ParselogCommand->run()
#1 C:\wamp64\www\testtasks\rumex\framework\console\CConsoleApplication.php(92): CConsoleCommandRunner->run()
#2 C:\wamp64\www\testtasks\rumex\framework\base\CApplication.php(185): CConsoleApplication->processRequest()
#3 C:\wamp64\www\testtasks\rumex\framework\yiic.php(33): CConsoleApplication->run()
#4 C:\wamp64\www\testtasks\rumex\logmanager\protected\yiic.php(7): require_once()

2020/07/20 05:45:09 [error] [php] Array to string conversion (C:\wamp64\www\testtasks\rumex\logmanager\protected\commands\ParselogCommand.php:33)
Stack trace:
#0 C:\wamp64\www\testtasks\rumex\framework\console\CConsoleCommandRunner.php(71): ParselogCommand->run()
#1 C:\wamp64\www\testtasks\rumex\framework\console\CConsoleApplication.php(92): CConsoleCommandRunner->run()
#2 C:\wamp64\www\testtasks\rumex\framework\base\CApplication.php(185): CConsoleApplication->processRequest()
#3 C:\wamp64\www\testtasks\rumex\framework\yiic.php(33): CConsoleApplication->run()
#4 C:\wamp64\www\testtasks\rumex\logmanager\protected\yiic.php(7): require_once()

2020/07/20 07:06:37 [error] [php] include(Access.php): failed to open stream: No such file or directory (C:\wamp64\www\testtasks\rumex\framework\YiiBase.php:463)
Stack trace:
#0 C:\wamp64\www\testtasks\rumex\logmanager\protected\commands\ParselogCommand.php(9): spl_autoload_call()
#1 unknown(0): ParselogCommand->actionIndex()
#2 C:\wamp64\www\testtasks\rumex\framework\console\CConsoleCommand.php(172): ReflectionMethod->invokeArgs()
#3 C:\wamp64\www\testtasks\rumex\framework\console\CConsoleCommandRunner.php(71): ParselogCommand->run()
#4 C:\wamp64\www\testtasks\rumex\framework\console\CConsoleApplication.php(92): CConsoleCommandRunner->run()
#5 C:\wamp64\www\testtasks\rumex\framework\base\CApplication.php(185): CConsoleApplication->processRequest()
#6 C:\wamp64\www\testtasks\rumex\framework\yiic.php(33): CConsoleApplication->run()
#7 C:\wamp64\www\testtasks\rumex\logmanager\protected\yiic.php(7): require_once()

2020/07/20 10:04:46 [error] [system.db.CDbCommand] CDbCommand::fetchAll() failed: SQLSTATE[42S02]: Base table or view not found: 1146 Table 'rumex_testtask.tbl_migration' doesn't exist. The SQL statement executed was: SHOW FULL COLUMNS FROM `tbl_migration`.
2020/07/20 10:04:55 [error] [system.db.CDbCommand] CDbCommand::execute() failed: SQLSTATE[42000]: Syntax error or access violation: 1068 Multiple primary key defined. The SQL statement executed was: CREATE TABLE IF NOT EXISTS `user` (
            `id` int(11) NOT NULL AUTO_INCREMENT PRIMARY KEY,
            `email` varchar(255) NOT NULL,
            `password` varchar(255) NOT NULL,
            `name` varchar(255) NOT NULL,
            `date` int(11) NOT NULL,
            `status` int(11) NOT NULL,
            `role` varchar(255) NOT NULL,
            PRIMARY KEY (`id`)
            ) ENGINE=InnoDB DEFAULT CHARSET=utf8 AUTO_INCREMENT=1 ;.
2020/07/20 10:04:55 [error] [exception.CDbException] exception 'CDbException' with message 'CDbCommand failed to execute the SQL statement: SQLSTATE[42000]: Syntax error or access violation: 1068 Multiple primary key defined. The SQL statement executed was: CREATE TABLE IF NOT EXISTS `user` (
            `id` int(11) NOT NULL AUTO_INCREMENT PRIMARY KEY,
            `email` varchar(255) NOT NULL,
            `password` varchar(255) NOT NULL,
            `name` varchar(255) NOT NULL,
            `date` int(11) NOT NULL,
            `status` int(11) NOT NULL,
            `role` varchar(255) NOT NULL,
            PRIMARY KEY (`id`)
            ) ENGINE=InnoDB DEFAULT CHARSET=utf8 AUTO_INCREMENT=1 ;' in C:\wamp64\www\testtasks\rumex\framework\db\CDbCommand.php:358
Stack trace:
#0 C:\wamp64\www\testtasks\rumex\logmanager\protected\migrations\m200720_095959_create_user_table.php(18): CDbCommand->execute()
#1 C:\wamp64\www\testtasks\rumex\framework\cli\commands\MigrateCommand.php(415): m200720_095959_create_user_table->up()
#2 C:\wamp64\www\testtasks\rumex\framework\cli\commands\MigrateCommand.php(109): MigrateCommand->migrateUp('m200720_095959_...')
#3 [internal function]: MigrateCommand->actionUp(Array)
#4 C:\wamp64\www\testtasks\rumex\framework\console\CConsoleCommand.php(172): ReflectionMethod->invokeArgs(Object(MigrateCommand), Array)
#5 C:\wamp64\www\testtasks\rumex\framework\console\CConsoleCommandRunner.php(71): CConsoleCommand->run(Array)
#6 C:\wamp64\www\testtasks\rumex\framework\console\CConsoleApplication.php(92): CConsoleCommandRunner->run(Array)
#7 C:\wamp64\www\testtasks\rumex\framework\base\CApplication.php(185): CConsoleApplication->processRequest()
#8 C:\wamp64\www\testtasks\rumex\framework\yiic.php(33): CApplication->run()
#9 C:\wamp64\www\testtasks\rumex\logmanager\protected\yiic.php(7): require_once('C:\\wamp64\\www\\t...')
#10 {main}
---
2020/07/20 10:06:22 [error] [system.db.CDbCommand] CDbCommand::fetchAll() failed: SQLSTATE[42S02]: Base table or view not found: 1146 Table 'rumex_testtask.tbl_migration' doesn't exist. The SQL statement executed was: SHOW FULL COLUMNS FROM `tbl_migration`.
2020/07/20 10:43:02 [error] [exception.CDbException] CDbException: Table "user" does not have a column named "username". in C:\wamp64\www\testtasks\rumex\framework\db\schema\CDbCommandBuilder.php:697
Stack trace:
#0 C:\wamp64\www\testtasks\rumex\framework\db\ar\CActiveRecord.php(1526): CDbCommandBuilder->createColumnCriteria(Object(CMysqlTableSchema), Array, '', Array, '`t`.')
#1 C:\wamp64\www\testtasks\rumex\logmanager\protected\components\UserIdentity.php(15): CActiveRecord->findByAttributes(Array)
#2 C:\wamp64\www\testtasks\rumex\logmanager\protected\models\LoginForm.php(54): UserIdentity->authenticate()
#3 C:\wamp64\www\testtasks\rumex\framework\validators\CInlineValidator.php(42): LoginForm->authenticate('password', Array)
#4 C:\wamp64\www\testtasks\rumex\framework\validators\CValidator.php(201): CInlineValidator->validateAttribute(Object(LoginForm), 'password')
#5 C:\wamp64\www\testtasks\rumex\framework\base\CModel.php(159): CValidator->validate(Object(LoginForm), Array)
#6 C:\wamp64\www\testtasks\rumex\logmanager\protected\controllers\SiteController.php(94): CModel->validate()
#7 C:\wamp64\www\testtasks\rumex\framework\web\actions\CInlineAction.php(49): SiteController->actionLogin()
#8 C:\wamp64\www\testtasks\rumex\framework\web\CController.php(308): CInlineAction->runWithParams(Array)
#9 C:\wamp64\www\testtasks\rumex\framework\web\CController.php(286): CController->runAction(Object(CInlineAction))
#10 C:\wamp64\www\testtasks\rumex\framework\web\CController.php(265): CController->runActionWithFilters(Object(CInlineAction), Array)
#11 C:\wamp64\www\testtasks\rumex\framework\web\CWebApplication.php(282): CController->run('login')
#12 C:\wamp64\www\testtasks\rumex\framework\web\CWebApplication.php(141): CWebApplication->runController('site/login')
#13 C:\wamp64\www\testtasks\rumex\framework\base\CApplication.php(185): CWebApplication->processRequest()
#14 C:\wamp64\www\testtasks\rumex\logmanager\index.php(13): CApplication->run()
#15 {main}
REQUEST_URI=/testtasks/rumex/logmanager/index.php/site/login
HTTP_REFERER=http://localhost/testtasks/rumex/logmanager/index.php/site/login
---
2020/07/22 08:10:33 [error] [exception.CException] CException: SiteController cannot find the requested view "accesslog". in C:\wamp64\www\testtasks\rumex\framework\web\CController.php:881
Stack trace:
#0 C:\wamp64\www\testtasks\rumex\framework\web\CController.php(785): CController->renderPartial('accesslog', NULL, true)
#1 C:\wamp64\www\testtasks\rumex\logmanager\protected\controllers\SiteController.php(39): CController->render('accesslog')
#2 C:\wamp64\www\testtasks\rumex\framework\web\actions\CInlineAction.php(49): SiteController->actionAccesslog()
#3 C:\wamp64\www\testtasks\rumex\framework\web\CController.php(308): CInlineAction->runWithParams(Array)
#4 C:\wamp64\www\testtasks\rumex\framework\web\CController.php(286): CController->runAction(Object(CInlineAction))
#5 C:\wamp64\www\testtasks\rumex\framework\web\CController.php(265): CController->runActionWithFilters(Object(CInlineAction), Array)
#6 C:\wamp64\www\testtasks\rumex\framework\web\CWebApplication.php(282): CController->run('accesslog')
#7 C:\wamp64\www\testtasks\rumex\framework\web\CWebApplication.php(141): CWebApplication->runController('site/accesslog')
#8 C:\wamp64\www\testtasks\rumex\framework\base\CApplication.php(185): CWebApplication->processRequest()
#9 C:\wamp64\www\testtasks\rumex\logmanager\index.php(13): CApplication->run()
#10 {main}
REQUEST_URI=/testtasks/rumex/logmanager/index.php/site/accesslog
HTTP_REFERER=http://localhost/testtasks/rumex/logmanager/
---
2020/07/22 08:19:34 [error] [php] Undefined variable: model (C:\wamp64\www\testtasks\rumex\logmanager\protected\views\site\accesslog.php:14)
Stack trace:
#0 C:\wamp64\www\testtasks\rumex\framework\web\CController.php(872): SiteController->renderFile()
#1 C:\wamp64\www\testtasks\rumex\framework\web\CController.php(785): SiteController->renderPartial()
#2 C:\wamp64\www\testtasks\rumex\logmanager\protected\controllers\SiteController.php(40): SiteController->render()
#3 C:\wamp64\www\testtasks\rumex\framework\web\actions\CInlineAction.php(49): SiteController->actionAccesslog()
#4 C:\wamp64\www\testtasks\rumex\framework\web\CController.php(308): CInlineAction->runWithParams()
#5 C:\wamp64\www\testtasks\rumex\framework\web\CController.php(286): SiteController->runAction()
#6 C:\wamp64\www\testtasks\rumex\framework\web\CController.php(265): SiteController->runActionWithFilters()
#7 C:\wamp64\www\testtasks\rumex\framework\web\CWebApplication.php(282): SiteController->run()
#8 C:\wamp64\www\testtasks\rumex\framework\web\CWebApplication.php(141): CWebApplication->runController()
#9 C:\wamp64\www\testtasks\rumex\framework\base\CApplication.php(185): CWebApplication->processRequest()
#10 C:\wamp64\www\testtasks\rumex\logmanager\index.php(13): CWebApplication->run()
REQUEST_URI=/testtasks/rumex/logmanager/index.php/site/accesslog
in C:\wamp64\www\testtasks\rumex\logmanager\protected\views\site\accesslog.php (14)
in C:\wamp64\www\testtasks\rumex\logmanager\protected\controllers\SiteController.php (40)
in C:\wamp64\www\testtasks\rumex\logmanager\index.php (13)
2020/07/22 08:20:07 [error] [exception.CException] CException: Access and its behaviors do not have a method or closure named "search". in C:\wamp64\www\testtasks\rumex\framework\base\CComponent.php:266
Stack trace:
#0 C:\wamp64\www\testtasks\rumex\framework\db\ar\CActiveRecord.php(229): CComponent->__call('search', Array)
#1 C:\wamp64\www\testtasks\rumex\logmanager\protected\views\site\accesslog.php(14): CActiveRecord->__call('search', Array)
#2 C:\wamp64\www\testtasks\rumex\framework\web\CBaseController.php(126): require('C:\\wamp64\\www\\t...')
#3 C:\wamp64\www\testtasks\rumex\framework\web\CBaseController.php(95): CBaseController->renderInternal('C:\\wamp64\\www\\t...', Array, true)
#4 C:\wamp64\www\testtasks\rumex\framework\web\CController.php(872): CBaseController->renderFile('C:\\wamp64\\www\\t...', Array, true)
#5 C:\wamp64\www\testtasks\rumex\framework\web\CController.php(785): CController->renderPartial('accesslog', Array, true)
#6 C:\wamp64\www\testtasks\rumex\logmanager\protected\controllers\SiteController.php(40): CController->render('accesslog', Array)
#7 C:\wamp64\www\testtasks\rumex\framework\web\actions\CInlineAction.php(49): SiteController->actionAccesslog()
#8 C:\wamp64\www\testtasks\rumex\framework\web\CController.php(308): CInlineAction->runWithParams(Array)
#9 C:\wamp64\www\testtasks\rumex\framework\web\CController.php(286): CController->runAction(Object(CInlineAction))
#10 C:\wamp64\www\testtasks\rumex\framework\web\CController.php(265): CController->runActionWithFilters(Object(CInlineAction), Array)
#11 C:\wamp64\www\testtasks\rumex\framework\web\CWebApplication.php(282): CController->run('accesslog')
#12 C:\wamp64\www\testtasks\rumex\framework\web\CWebApplication.php(141): CWebApplication->runController('site/accesslog')
#13 C:\wamp64\www\testtasks\rumex\framework\base\CApplication.php(185): CWebApplication->processRequest()
#14 C:\wamp64\www\testtasks\rumex\logmanager\index.php(13): CApplication->run()
#15 {main}
REQUEST_URI=/testtasks/rumex/logmanager/index.php/site/accesslog
HTTP_REFERER=http://localhost/testtasks/rumex/logmanager/
---
2020/07/22 08:22:30 [error] [exception.CHttpException.404] CHttpException: Unable to resolve the request "index/gii". in C:\wamp64\www\testtasks\rumex\framework\web\CWebApplication.php:286
Stack trace:
#0 C:\wamp64\www\testtasks\rumex\framework\web\CWebApplication.php(141): CWebApplication->runController('index/gii')
#1 C:\wamp64\www\testtasks\rumex\framework\base\CApplication.php(185): CWebApplication->processRequest()
#2 C:\wamp64\www\testtasks\rumex\logmanager\index.php(13): CApplication->run()
#3 {main}
REQUEST_URI=/testtasks/rumex/logmanager/index/gii/
---
2020/07/22 08:22:43 [error] [exception.CHttpException.404] CHttpException: Unable to resolve the request "index/gii/index". in C:\wamp64\www\testtasks\rumex\framework\web\CWebApplication.php:286
Stack trace:
#0 C:\wamp64\www\testtasks\rumex\framework\web\CWebApplication.php(141): CWebApplication->runController('index/gii/index')
#1 C:\wamp64\www\testtasks\rumex\framework\base\CApplication.php(185): CWebApplication->processRequest()
#2 C:\wamp64\www\testtasks\rumex\logmanager\index.php(13): CApplication->run()
#3 {main}
REQUEST_URI=/testtasks/rumex/logmanager/index/gii/index
---
2020/07/22 11:06:00 [error] [exception.ParseError] ParseError: syntax error, unexpected ';', expecting ',' or ')' in C:\wamp64\www\testtasks\rumex\logmanager\protected\views\layouts\main.php:37
Stack trace:
#0 C:\wamp64\www\testtasks\rumex\framework\web\CBaseController.php(95): CBaseController->renderInternal('C:\\wamp64\\www\\t...', Array, true)
#1 C:\wamp64\www\testtasks\rumex\framework\web\widgets\CContentDecorator.php(76): CBaseController->renderFile('C:\\wamp64\\www\\t...', Array, true)
#2 C:\wamp64\www\testtasks\rumex\framework\web\widgets\CContentDecorator.php(54): CContentDecorator->decorate('<div id="conten...')
#3 C:\wamp64\www\testtasks\rumex\framework\web\widgets\COutputProcessor.php(44): CContentDecorator->processOutput('<div id="conten...')
#4 C:\wamp64\www\testtasks\rumex\framework\web\CBaseController.php(215): COutputProcessor->run()
#5 C:\wamp64\www\testtasks\rumex\framework\web\CBaseController.php(309): CBaseController->endWidget('CContentDecorat...')
#6 C:\wamp64\www\testtasks\rumex\logmanager\protected\views\layouts\column1.php(6): CBaseController->endContent()
#7 C:\wamp64\www\testtasks\rumex\framework\web\CBaseController.php(126): require('C:\\wamp64\\www\\t...')
#8 C:\wamp64\www\testtasks\rumex\framework\web\CBaseController.php(95): CBaseController->renderInternal('C:\\wamp64\\www\\t...', Array, true)
#9 C:\wamp64\www\testtasks\rumex\framework\web\CController.php(787): CBaseController->renderFile('C:\\wamp64\\www\\t...', Array, true)
#10 C:\wamp64\www\testtasks\rumex\logmanager\protected\controllers\SiteController.php(32): CController->render('index')
#11 C:\wamp64\www\testtasks\rumex\framework\web\actions\CInlineAction.php(49): SiteController->actionIndex()
#12 C:\wamp64\www\testtasks\rumex\framework\web\CController.php(308): CInlineAction->runWithParams(Array)
#13 C:\wamp64\www\testtasks\rumex\framework\web\CController.php(286): CController->runAction(Object(CInlineAction))
#14 C:\wamp64\www\testtasks\rumex\framework\web\CController.php(265): CController->runActionWithFilters(Object(CInlineAction), Array)
#15 C:\wamp64\www\testtasks\rumex\framework\web\CWebApplication.php(282): CController->run('index')
#16 C:\wamp64\www\testtasks\rumex\framework\web\CWebApplication.php(141): CWebApplication->runController('site/index')
#17 C:\wamp64\www\testtasks\rumex\framework\base\CApplication.php(185): CWebApplication->processRequest()
#18 C:\wamp64\www\testtasks\rumex\logmanager\index.php(13): CApplication->run()
#19 {main}
REQUEST_URI=/testtasks/rumex/logmanager/index.php/site/index
HTTP_REFERER=http://localhost/testtasks/rumex/logmanager/index.php/site/login
---
2020/07/22 11:48:39 [error] [system.db.CDbCommand] CDbCommand::fetchAll() failed: SQLSTATE[42S02]: Base table or view not found: 1146 Table 'rumex_testtask.tbl_migration' doesn't exist. The SQL statement executed was: SHOW FULL COLUMNS FROM `tbl_migration`.
2020/07/22 12:04:20 [error] [exception.CException] CException: Property "LoginForm.name" is not defined. in C:\wamp64\www\testtasks\rumex\framework\base\CComponent.php:130
Stack trace:
#0 C:\wamp64\www\testtasks\rumex\framework\web\helpers\CHtml.php(2760): CComponent->__get('name')
#1 C:\wamp64\www\testtasks\rumex\framework\web\helpers\CHtml.php(2483): CHtml::resolveValue(Object(LoginForm), 'name')
#2 C:\wamp64\www\testtasks\rumex\framework\web\helpers\CHtml.php(1540): CHtml::activeInputField('text', Object(LoginForm), 'name', Array)
#3 C:\wamp64\www\testtasks\rumex\framework\web\widgets\CActiveForm.php(793): CHtml::activeTextField(Object(LoginForm), 'name', Array)
#4 C:\wamp64\www\testtasks\rumex\logmanager\protected\views\site\login.php(31): CActiveForm->textField(Object(LoginForm), 'name')
#5 C:\wamp64\www\testtasks\rumex\framework\web\CBaseController.php(126): require('C:\\wamp64\\www\\t...')
#6 C:\wamp64\www\testtasks\rumex\framework\web\CBaseController.php(95): CBaseController->renderInternal('C:\\wamp64\\www\\t...', Array, true)
#7 C:\wamp64\www\testtasks\rumex\framework\web\CController.php(872): CBaseController->renderFile('C:\\wamp64\\www\\t...', Array, true)
#8 C:\wamp64\www\testtasks\rumex\framework\web\CController.php(785): CController->renderPartial('login', Array, true)
#9 C:\wamp64\www\testtasks\rumex\logmanager\protected\controllers\SiteController.php(106): CController->render('login', Array)
#10 C:\wamp64\www\testtasks\rumex\framework\web\actions\CInlineAction.php(49): SiteController->actionLogin()
#11 C:\wamp64\www\testtasks\rumex\framework\web\CController.php(308): CInlineAction->runWithParams(Array)
#12 C:\wamp64\www\testtasks\rumex\framework\web\CController.php(286): CController->runAction(Object(CInlineAction))
#13 C:\wamp64\www\testtasks\rumex\framework\web\CController.php(265): CController->runActionWithFilters(Object(CInlineAction), Array)
#14 C:\wamp64\www\testtasks\rumex\framework\web\CWebApplication.php(282): CController->run('login')
#15 C:\wamp64\www\testtasks\rumex\framework\web\CWebApplication.php(141): CWebApplication->runController('site/login')
#16 C:\wamp64\www\testtasks\rumex\framework\base\CApplication.php(185): CWebApplication->processRequest()
#17 C:\wamp64\www\testtasks\rumex\logmanager\index.php(13): CApplication->run()
#18 {main}
REQUEST_URI=/testtasks/rumex/logmanager/index.php/site/login
HTTP_REFERER=http://localhost/testtasks/rumex/logmanager/
---
2020/07/22 12:24:51 [error] [exception.ParseError] ParseError: syntax error, unexpected '}' in C:\wamp64\www\testtasks\rumex\logmanager\protected\controllers\SiteController.php:38
Stack trace:
#0 C:\wamp64\www\testtasks\rumex\framework\web\CWebApplication.php(276): CWebApplication->createController('accesslog/')
#1 C:\wamp64\www\testtasks\rumex\framework\web\CWebApplication.php(141): CWebApplication->runController('site/accesslog')
#2 C:\wamp64\www\testtasks\rumex\framework\base\CApplication.php(185): CWebApplication->processRequest()
#3 C:\wamp64\www\testtasks\rumex\logmanager\index.php(13): CApplication->run()
#4 {main}
REQUEST_URI=/testtasks/rumex/logmanager/index.php/site/accesslog
HTTP_REFERER=http://localhost/testtasks/rumex/logmanager/index.php/site/login
---
2020/07/22 12:25:04 [error] [php] Undefined variable: model (C:\wamp64\www\testtasks\rumex\logmanager\protected\views\site\accesslog.php:14)
Stack trace:
#0 C:\wamp64\www\testtasks\rumex\framework\web\CController.php(872): SiteController->renderFile()
#1 C:\wamp64\www\testtasks\rumex\framework\web\CController.php(785): SiteController->renderPartial()
#2 C:\wamp64\www\testtasks\rumex\logmanager\protected\controllers\SiteController.php(43): SiteController->render()
#3 C:\wamp64\www\testtasks\rumex\framework\web\actions\CInlineAction.php(49): SiteController->actionAccesslog()
#4 C:\wamp64\www\testtasks\rumex\framework\web\CController.php(308): CInlineAction->runWithParams()
#5 C:\wamp64\www\testtasks\rumex\framework\web\CController.php(286): SiteController->runAction()
#6 C:\wamp64\www\testtasks\rumex\framework\web\CController.php(265): SiteController->runActionWithFilters()
#7 C:\wamp64\www\testtasks\rumex\framework\web\CWebApplication.php(282): SiteController->run()
#8 C:\wamp64\www\testtasks\rumex\framework\web\CWebApplication.php(141): CWebApplication->runController()
#9 C:\wamp64\www\testtasks\rumex\framework\base\CApplication.php(185): CWebApplication->processRequest()
#10 C:\wamp64\www\testtasks\rumex\logmanager\index.php(13): CWebApplication->run()
REQUEST_URI=/testtasks/rumex/logmanager/index.php/site/accesslog
in C:\wamp64\www\testtasks\rumex\logmanager\protected\views\site\accesslog.php (14)
in C:\wamp64\www\testtasks\rumex\logmanager\protected\controllers\SiteController.php (43)
in C:\wamp64\www\testtasks\rumex\logmanager\index.php (13)
2020/07/22 12:56:24 [error] [exception.CException] CException: ApiController and its behaviors do not have a method or closure named "_sendResponse". in C:\wamp64\www\testtasks\rumex\framework\base\CComponent.php:266
Stack trace:
#0 C:\wamp64\www\testtasks\rumex\logmanager\protected\controllers\ApiController.php(39): CComponent->__call('_sendResponse', Array)
#1 C:\wamp64\www\testtasks\rumex\framework\web\actions\CInlineAction.php(49): ApiController->actionList()
#2 C:\wamp64\www\testtasks\rumex\framework\web\CController.php(308): CInlineAction->runWithParams(Array)
#3 C:\wamp64\www\testtasks\rumex\framework\web\CController.php(286): CController->runAction(Object(CInlineAction))
#4 C:\wamp64\www\testtasks\rumex\framework\web\CController.php(265): CController->runActionWithFilters(Object(CInlineAction), Array)
#5 C:\wamp64\www\testtasks\rumex\framework\web\CWebApplication.php(282): CController->run('list')
#6 C:\wamp64\www\testtasks\rumex\framework\web\CWebApplication.php(141): CWebApplication->runController('api/list')
#7 C:\wamp64\www\testtasks\rumex\framework\base\CApplication.php(185): CWebApplication->processRequest()
#8 C:\wamp64\www\testtasks\rumex\logmanager\index.php(13): CApplication->run()
#9 {main}
REQUEST_URI=/testtasks/rumex/logmanager/index.php/api/list
---
2020/07/22 13:05:27 [error] [exception.CException] CException: ApiController and its behaviors do not have a method or closure named "_getStatusCodeMessage". in C:\wamp64\www\testtasks\rumex\framework\base\CComponent.php:266
Stack trace:
#0 C:\wamp64\www\testtasks\rumex\logmanager\protected\controllers\ApiController.php(47): CComponent->__call('_getStatusCodeM...', Array)
#1 C:\wamp64\www\testtasks\rumex\logmanager\protected\controllers\ApiController.php(39): ApiController->_sendResponse(200, '[{"a_id":"1","a...', 'application/jso...')
#2 C:\wamp64\www\testtasks\rumex\framework\web\actions\CInlineAction.php(49): ApiController->actionList()
#3 C:\wamp64\www\testtasks\rumex\framework\web\CController.php(308): CInlineAction->runWithParams(Array)
#4 C:\wamp64\www\testtasks\rumex\framework\web\CController.php(286): CController->runAction(Object(CInlineAction))
#5 C:\wamp64\www\testtasks\rumex\framework\web\CController.php(265): CController->runActionWithFilters(Object(CInlineAction), Array)
#6 C:\wamp64\www\testtasks\rumex\framework\web\CWebApplication.php(282): CController->run('list')
#7 C:\wamp64\www\testtasks\rumex\framework\web\CWebApplication.php(141): CWebApplication->runController('api/list')
#8 C:\wamp64\www\testtasks\rumex\framework\base\CApplication.php(185): CWebApplication->processRequest()
#9 C:\wamp64\www\testtasks\rumex\logmanager\index.php(13): CApplication->run()
#10 {main}
REQUEST_URI=/testtasks/rumex/logmanager/index.php/api/list
---
